Copyright 1986-2017 Xilinx, Inc. All Rights Reserved.
-------------------------------------------------------------------------------------------------------------------------------
| Tool Version     : Vivado v.2017.4 (win64) Build 2086221 Fri Dec 15 20:55:39 MST 2017
| Date             : Thu Jun  1 22:41:17 2023
| Host             : Fitria_Zu running 64-bit major release  (build 9200)
| Command          : report_power -file CPU_power_routed.rpt -pb CPU_power_summary_routed.pb -rpx CPU_power_routed.rpx
| Design           : CPU
| Device           : xc7a35tcsg324-1
| Design State     : routed
| Grade            : commercial
| Process          : typical
| Characterization : Production
-------------------------------------------------------------------------------------------------------------------------------

Power Report

Table of Contents
-----------------
1. Summary
1.1 On-Chip Components
1.2 Power Supply Summary
1.3 Confidence Level
2. Settings
2.1 Environment
2.2 Clock Constraints
3. Detailed Reports
3.1 By Hierarchy

1. Summary
----------

+--------------------------+--------------+
| Total On-Chip Power (W)  | 0.275        |
| Design Power Budget (W)  | Unspecified* |
| Power Budget Margin (W)  | NA           |
| Dynamic (W)              | 0.202        |
| Device Static (W)        | 0.073        |
| Effective TJA (C/W)      | 4.8          |
| Max Ambient (C)          | 83.7         |
| Junction Temperature (C) | 26.3         |
| Confidence Level         | Low          |
| Setting File             | ---          |
| Simulation Activity File | ---          |
| Design Nets Matched      | NA           |
+--------------------------+--------------+
* Specify Design Power Budget using, set_operating_conditions -design_power_budget <value in Watts>


1.1 On-Chip Components
----------------------

+----------------+-----------+----------+-----------+-----------------+
| On-Chip        | Power (W) | Used     | Available | Utilization (%) |
+----------------+-----------+----------+-----------+-----------------+
| Clocks         |    <0.001 |        5 |       --- |             --- |
| Slice Logic    |     0.026 |     3527 |       --- |             --- |
|   LUT as Logic |     0.025 |     1722 |     20800 |            8.28 |
|   F7/F8 Muxes  |    <0.001 |      266 |     32600 |            0.82 |
|   CARRY4       |    <0.001 |       39 |      8150 |            0.48 |
|   Register     |    <0.001 |     1204 |     41600 |            2.89 |
|   BUFG         |    <0.001 |        1 |        32 |            3.13 |
|   Others       |     0.000 |       99 |       --- |             --- |
| Signals        |     0.035 |     3064 |       --- |             --- |
| Block RAM      |    <0.001 |       29 |        50 |           58.00 |
| PLL            |     0.103 |        1 |         5 |           20.00 |
| I/O            |     0.038 |       38 |       210 |           18.10 |
| Static Power   |     0.073 |          |           |                 |
| Total          |     0.275 |          |           |                 |
+----------------+-----------+----------+-----------+-----------------+


1.2 Power Supply Summary
------------------------

+-----------+-------------+-----------+-------------+------------+
| Source    | Voltage (V) | Total (A) | Dynamic (A) | Static (A) |
+-----------+-------------+-----------+-------------+------------+
| Vccint    |       1.000 |     0.081 |       0.070 |      0.011 |
| Vccaux    |       1.800 |     0.066 |       0.053 |      0.013 |
| Vcco33    |       3.300 |     0.012 |       0.011 |      0.001 |
| Vcco25    |       2.500 |     0.000 |       0.000 |      0.000 |
| Vcco18    |       1.800 |     0.000 |       0.000 |      0.000 |
| Vcco15    |       1.500 |     0.000 |       0.000 |      0.000 |
| Vcco135   |       1.350 |     0.000 |       0.000 |      0.000 |
| Vcco12    |       1.200 |     0.000 |       0.000 |      0.000 |
| Vccaux_io |       1.800 |     0.000 |       0.000 |      0.000 |
| Vccbram   |       1.000 |     0.001 |       0.000 |      0.001 |
| MGTAVcc   |       1.000 |     0.000 |       0.000 |      0.000 |
| MGTAVtt   |       1.200 |     0.000 |       0.000 |      0.000 |
| Vccadc    |       1.800 |     0.020 |       0.000 |      0.020 |
+-----------+-------------+-----------+-------------+------------+


1.3 Confidence Level
--------------------

+-----------------------------+------------+--------------------------------------------------------+--------------------------------------------------------------------------------------------------------------------+
| User Input Data             | Confidence | Details                                                | Action                                                                                                             |
+-----------------------------+------------+--------------------------------------------------------+--------------------------------------------------------------------------------------------------------------------+
| Design implementation state | High       | Design is routed                                       |                                                                                                                    |
| Clock nodes activity        | Low        | User specified less than 75% of clocks                 | Provide missing clock activity with a constraint file, simulation results or by editing the "By Clock Domain" view |
| I/O nodes activity          | Low        | More than 75% of inputs are missing user specification | Provide missing input activity with simulation results or by editing the "By Resource Type -> I/Os" view           |
| Internal nodes activity     | Medium     | User specified less than 25% of internal nodes         | Provide missing internal nodes activity with simulation results or by editing the "By Resource Type" views         |
| Device models               | High       | Device models are Production                           |                                                                                                                    |
|                             |            |                                                        |                                                                                                                    |
| Overall confidence level    | Low        |                                                        |                                                                                                                    |
+-----------------------------+------------+--------------------------------------------------------+--------------------------------------------------------------------------------------------------------------------+


2. Settings
-----------

2.1 Environment
---------------

+-----------------------+--------------------------+
| Ambient Temp (C)      | 25.0                     |
| ThetaJA (C/W)         | 4.8                      |
| Airflow (LFM)         | 250                      |
| Heat Sink             | medium (Medium Profile)  |
| ThetaSA (C/W)         | 4.6                      |
| Board Selection       | medium (10"x10")         |
| # of Board Layers     | 12to15 (12 to 15 Layers) |
| Board Temperature (C) | 25.0                     |
+-----------------------+--------------------------+


2.2 Clock Constraints
---------------------

+-----------------+-------------------------------+-----------------+
| Clock           | Domain                        | Constraint (ns) |
+-----------------+-------------------------------+-----------------+
| clk             | clk                           |            10.0 |
| clk_out1_cpuclk | cpuclock/inst/clk_out1_cpuclk |            43.5 |
| clkfbout_cpuclk | cpuclock/inst/clkfbout_cpuclk |            50.0 |
+-----------------+-------------------------------+-----------------+


3. Detailed Reports
-------------------

3.1 By Hierarchy
----------------

+------------------------------------------------+-----------+
| Name                                           | Power (W) |
+------------------------------------------------+-----------+
| CPU                                            |     0.202 |
|   cpuclock                                     |     0.103 |
|     inst                                       |     0.103 |
|   decoder                                      |     0.018 |
|   dmem                                         |     0.001 |
|     ram                                        |     0.001 |
|       U0                                       |     0.001 |
|         inst_blk_mem_gen                       |     0.001 |
|           gnbram.gnativebmg.native_blk_mem_gen |     0.001 |
|             valid.cstr                         |     0.001 |
|               bindec_a.bindec_inst_a           |    <0.001 |
|               has_mux_a.A                      |    <0.001 |
|               ramloop[0].ram.r                 |    <0.001 |
|                 prim_init.ram                  |    <0.001 |
|               ramloop[10].ram.r                |    <0.001 |
|                 prim_init.ram                  |    <0.001 |
|               ramloop[11].ram.r                |    <0.001 |
|                 prim_init.ram                  |    <0.001 |
|               ramloop[12].ram.r                |    <0.001 |
|                 prim_init.ram                  |    <0.001 |
|               ramloop[13].ram.r                |    <0.001 |
|                 prim_init.ram                  |    <0.001 |
|               ramloop[14].ram.r                |    <0.001 |
|                 prim_init.ram                  |    <0.001 |
|               ramloop[1].ram.r                 |    <0.001 |
|                 prim_init.ram                  |    <0.001 |
|               ramloop[2].ram.r                 |    <0.001 |
|                 prim_init.ram                  |    <0.001 |
|               ramloop[3].ram.r                 |    <0.001 |
|                 prim_init.ram                  |    <0.001 |
|               ramloop[4].ram.r                 |    <0.001 |
|                 prim_init.ram                  |    <0.001 |
|               ramloop[5].ram.r                 |    <0.001 |
|                 prim_init.ram                  |    <0.001 |
|               ramloop[6].ram.r                 |    <0.001 |
|                 prim_init.ram                  |    <0.001 |
|               ramloop[7].ram.r                 |    <0.001 |
|                 prim_init.ram                  |    <0.001 |
|               ramloop[8].ram.r                 |    <0.001 |
|                 prim_init.ram                  |    <0.001 |
|               ramloop[9].ram.r                 |    <0.001 |
|                 prim_init.ram                  |    <0.001 |
|   freqdiv                                      |    <0.001 |
|   ifetch                                       |     0.041 |
|     instmem                                    |     0.006 |
|       U0                                       |     0.006 |
|         inst_blk_mem_gen                       |     0.006 |
|           gnbram.gnativebmg.native_blk_mem_gen |     0.006 |
|             valid.cstr                         |     0.006 |
|               bindec_a.bindec_inst_a           |    <0.001 |
|               has_mux_a.A                      |     0.005 |
|               ramloop[0].ram.r                 |    <0.001 |
|                 prim_init.ram                  |    <0.001 |
|               ramloop[10].ram.r                |    <0.001 |
|                 prim_init.ram                  |    <0.001 |
|               ramloop[11].ram.r                |    <0.001 |
|                 prim_init.ram                  |    <0.001 |
|               ramloop[12].ram.r                |    <0.001 |
|                 prim_init.ram                  |    <0.001 |
|               ramloop[13].ram.r                |    <0.001 |
|                 prim_init.ram                  |    <0.001 |
|               ramloop[14].ram.r                |    <0.001 |
|                 prim_init.ram                  |    <0.001 |
|               ramloop[1].ram.r                 |    <0.001 |
|                 prim_init.ram                  |    <0.001 |
|               ramloop[2].ram.r                 |    <0.001 |
|                 prim_init.ram                  |    <0.001 |
|               ramloop[3].ram.r                 |    <0.001 |
|                 prim_init.ram                  |    <0.001 |
|               ramloop[4].ram.r                 |    <0.001 |
|                 prim_init.ram                  |    <0.001 |
|               ramloop[5].ram.r                 |    <0.001 |
|                 prim_init.ram                  |    <0.001 |
|               ramloop[6].ram.r                 |    <0.001 |
|                 prim_init.ram                  |    <0.001 |
|               ramloop[7].ram.r                 |    <0.001 |
|                 prim_init.ram                  |    <0.001 |
|               ramloop[8].ram.r                 |    <0.001 |
|                 prim_init.ram                  |    <0.001 |
|               ramloop[9].ram.r                 |    <0.001 |
|                 prim_init.ram                  |    <0.001 |
|   mileage_record                               |    <0.001 |
|     clkdiv_generator                           |    <0.001 |
|     seven_seg                                  |    <0.001 |
|       Refreshcounter_wrapper                   |    <0.001 |
|       anodeCtr                                 |    <0.001 |
+------------------------------------------------+-----------+


